<?xml version="1.0" encoding="UTF-8"?>
<!-- Generated by org.testng.reporters.JUnitXMLReporter -->
<testsuite ignored="0" hostname="DESKTOP-L7RFHM1" failures="0" tests="8" name="Test Cases" time="58.073" errors="0" timestamp="2021-12-28T12:06:30 IST">
  <testcase classname="testCase.Login" name="loginOperation" time="4.95"/>
  <testcase classname="testCase.Logout" name="logOut" time="4.166"/>
  <testcase classname="testCase.ChangePasswordOperation" name="changePasSword" time="5.113"/>
  <testcase classname="testCase.OneToOne" name="OneToOneMeet" time="8.862"/>
  <testcase classname="testCase.OpenRefOperation" name="directRef" time="6.133"/>
  <testcase classname="testCase.DirectRef" name="directRefOperation" time="8.756"/>
  <testcase classname="testCase.ThanksNotesOperation" name="thanksNotes" time="5.034"/>
  <testcase classname="testCase.GuestOperation" name="guestModule" time="15.003"/>
</testsuite> <!-- Test Cases -->
