<?xml version="1.0" encoding="UTF-8"?>
<testng-results ignored="0" total="1" passed="1" failed="0" skipped="0">
  <reporter-output>
  </reporter-output>
  <suite started-at="2021-12-29T19:16:01 IST" name="Default suite" finished-at="2021-12-29T19:16:09 IST" duration-ms="7279">
    <groups>
    </groups>
    <test started-at="2021-12-29T19:16:01 IST" name="Default test" finished-at="2021-12-29T19:16:09 IST" duration-ms="7279">
      <class name="testCase.MemberFormApprovalOperation">
        <test-method signature="memberApproval()[pri:0, instance:testCase.MemberFormApprovalOperation@3eb7fc54]" started-at="2021-12-29T19:16:01 IST" name="memberApproval" finished-at="2021-12-29T19:16:09 IST" duration-ms="7225" status="PASS">
          <reporter-output>
          </reporter-output>
        </test-method> <!-- memberApproval -->
      </class> <!-- testCase.MemberFormApprovalOperation -->
    </test> <!-- Default test -->
  </suite> <!-- Default suite -->
</testng-results>
